<?xml version="1.0" encoding="UTF-8"?>
<testsuite name="test" tests="1" skipped="0" failures="0" errors="0" timestamp="2021-10-28T14:47:53" hostname="DESKTOP-O1D4DU7" time="0.001">
  <properties/>
  <testcase name="test1" classname="test" time="0.001"/>
  <system-out><![CDATA[]]></system-out>
  <system-err><![CDATA[]]></system-err>
</testsuite>
